Using pre-set license
Built from '2020.3/china_unity/release' branch; Version is '2021.3.41f1c1 (abf9ed549ceb) revision 11270637'; Using compiler version '192829333'; Build Type 'Release'
OS: 'Windows 10  (10.0.19043) 64bit Professional' Language: 'zh' Physical Memory: 65440 MB
BatchMode: 1, IsHumanControllingUs: 0, StartBugReporterOnCrash: 0, Is64bit: 1, IsPro: 1

COMMAND LINE ARGUMENTS:
D:\Unity Hub\Editor\2021.3.41f1c1\Editor\Unity.exe
-adb2
-batchMode
-noUpm
-name
AssetImportWorker1
-projectPath
D:/UnityProject/HoleBall/HoleBall
-logFile
Logs/AssetImportWorker1.log
-srvPort
49979
Successfully changed project path to: D:/UnityProject/HoleBall/HoleBall
D:/UnityProject/HoleBall/HoleBall
[UnityMemory] Configuration Parameters - Can be set up in boot.config
    "memorysetup-bucket-allocator-granularity=16"
    "memorysetup-bucket-allocator-bucket-count=8"
    "memorysetup-bucket-allocator-block-size=33554432"
    "memorysetup-bucket-allocator-block-count=8"
    "memorysetup-main-allocator-block-size=16777216"
    "memorysetup-thread-allocator-block-size=16777216"
    "memorysetup-gfx-main-allocator-block-size=16777216"
    "memorysetup-gfx-thread-allocator-block-size=16777216"
    "memorysetup-cache-allocator-block-size=4194304"
    "memorysetup-typetree-allocator-block-size=2097152"
    "memorysetup-profiler-bucket-allocator-granularity=16"
    "memorysetup-profiler-bucket-allocator-bucket-count=8"
    "memorysetup-profiler-bucket-allocator-block-size=33554432"
    "memorysetup-profiler-bucket-allocator-block-count=8"
    "memorysetup-profiler-allocator-block-size=16777216"
    "memorysetup-profiler-editor-allocator-block-size=1048576"
    "memorysetup-temp-allocator-size-main=16777216"
    "memorysetup-job-temp-allocator-block-size=2097152"
    "memorysetup-job-temp-allocator-block-size-background=1048576"
    "memorysetup-job-temp-allocator-reduction-small-platforms=262144"
    "memorysetup-temp-allocator-size-background-worker=32768"
    "memorysetup-temp-allocator-size-job-worker=262144"
    "memorysetup-temp-allocator-size-preload-manager=33554432"
    "memorysetup-temp-allocator-size-nav-mesh-worker=65536"
    "memorysetup-temp-allocator-size-audio-worker=65536"
    "memorysetup-temp-allocator-size-cloud-worker=32768"
    "memorysetup-temp-allocator-size-gi-baking-worker=262144"
    "memorysetup-temp-allocator-size-gfx=262144"
Player connection [12480] Host "[IP] 192.168.31.204 [Port] 0 [Flags] 2 [Guid] 1968247865 [EditorId] 1968247865 [Version] 1048832 [Id] WindowsEditor(7,BF-202501021008) [Debug] 1 [PackageName] WindowsEditor [ProjectName] Editor" joined multi-casting on [225.0.0.222:54997]...

Player connection [12480] Host "[IP] 192.168.31.204 [Port] 0 [Flags] 2 [Guid] 1968247865 [EditorId] 1968247865 [Version] 1048832 [Id] WindowsEditor(7,BF-202501021008) [Debug] 1 [PackageName] WindowsEditor [ProjectName] Editor" joined alternative multi-casting on [225.0.0.222:34997]...

AS: AutoStreaming module initializing.
[Physics::Module] Initialized MultithreadedJobDispatcher with {0} workers.
Refreshing native plugins compatible for Editor in 70.97 ms, found 3 plugins.
Preloading 0 native plugins for Editor in 0.00 ms.
Initialize engine version: 2021.3.41f1c1 (abf9ed549ceb)
[Subsystems] Discovering subsystems at path D:/Unity Hub/Editor/2021.3.41f1c1/Editor/Data/Resources/UnitySubsystems
[Subsystems] Discovering subsystems at path D:/UnityProject/HoleBall/HoleBall/Assets
GfxDevice: creating device client; threaded=0; jobified=0
Direct3D:
    Version:  Direct3D 11.0 [level 11.1]
    Renderer: NVIDIA GeForce GTX 1050 (ID=0x1c8d)
    Vendor:   NVIDIA
    VRAM:     4004 MB
    Driver:   32.0.15.6636
Initialize mono
Mono path[0] = 'D:/Unity Hub/Editor/2021.3.41f1c1/Editor/Data/Managed'
Mono path[1] = 'D:/Unity Hub/Editor/2021.3.41f1c1/Editor/Data/MonoBleedingEdge/lib/mono/unityjit-win32'
Mono config path = 'D:/Unity Hub/Editor/2021.3.41f1c1/Editor/Data/MonoBleedingEdge/etc'
Using monoOptions --debugger-agent=transport=dt_socket,embedding=1,server=y,suspend=n,address=127.0.0.1:56004
Begin MonoManager ReloadAssembly
Registering precompiled unity dll's ...
Register platform support module: D:/Unity Hub/Editor/2021.3.41f1c1/Editor/Data/PlaybackEngines/WebGLSupport/UnityEditor.WebGL.Extensions.dll
Register platform support module: D:/Unity Hub/Editor/2021.3.41f1c1/Editor/Data/PlaybackEngines/WindowsStandaloneSupport/UnityEditor.WindowsStandalone.Extensions.dll
Registered in 0.004566 seconds.
Native extension for WindowsStandalone target not found
Native extension for WebGL target not found
Refreshing native plugins compatible for Editor in 85.09 ms, found 3 plugins.
Preloading 0 native plugins for Editor in 0.00 ms.
Mono: successfully reloaded assembly
- Completed reload, in  0.850 seconds
Domain Reload Profiling:
	ReloadAssembly (851ms)
		BeginReloadAssembly (119ms)
			ExecutionOrderSort (0ms)
			DisableScriptedObjects (0ms)
			BackupInstance (0ms)
			ReleaseScriptingObjects (0ms)
			CreateAndSetChildDomain (1ms)
		EndReloadAssembly (605ms)
			LoadAssemblies (117ms)
			RebuildTransferFunctionScriptingTraits (0ms)
			SetupTypeCache (140ms)
			ReleaseScriptCaches (0ms)
			RebuildScriptCaches (48ms)
			SetupLoadedEditorAssemblies (360ms)
				LogAssemblyErrors (0ms)
				InitializePlatformSupportModulesInManaged (12ms)
				SetLoadedEditorAssemblies (0ms)
				RefreshPlugins (85ms)
				BeforeProcessingInitializeOnLoad (2ms)
				ProcessInitializeOnLoadAttributes (202ms)
				ProcessInitializeOnLoadMethodAttributes (58ms)
				AfterProcessingInitializeOnLoad (0ms)
				EditorAssembliesLoaded (0ms)
			ExecutionOrderSort2 (0ms)
			AwakeInstancesAfterBackupRestoration (0ms)
Platform modules already initialized, skipping
Registering precompiled user dll's ...
Registered in 0.007468 seconds.
Begin MonoManager ReloadAssembly
Native extension for WindowsStandalone target not found
Native extension for WebGL target not found
Refreshing native plugins compatible for Editor in 0.75 ms, found 3 plugins.
Preloading 0 native plugins for Editor in 0.00 ms.
Package Manager log level set to [2]
[Package Manager] Server::EnsureServerProcessIsRunning -- launch failed, reason: Unity was launched with the -noUpm command-line argument
[Package Manager] Cannot connect to Unity Package Manager local server
Mono: successfully reloaded assembly
- Completed reload, in  1.695 seconds
Domain Reload Profiling:
	ReloadAssembly (1696ms)
		BeginReloadAssembly (203ms)
			ExecutionOrderSort (0ms)
			DisableScriptedObjects (8ms)
			BackupInstance (0ms)
			ReleaseScriptingObjects (0ms)
			CreateAndSetChildDomain (27ms)
		EndReloadAssembly (1349ms)
			LoadAssemblies (147ms)
			RebuildTransferFunctionScriptingTraits (0ms)
			SetupTypeCache (308ms)
			ReleaseScriptCaches (1ms)
			RebuildScriptCaches (70ms)
			SetupLoadedEditorAssemblies (836ms)
				LogAssemblyErrors (0ms)
				InitializePlatformSupportModulesInManaged (7ms)
				SetLoadedEditorAssemblies (1ms)
				RefreshPlugins (1ms)
				BeforeProcessingInitializeOnLoad (76ms)
				ProcessInitializeOnLoadAttributes (720ms)
				ProcessInitializeOnLoadMethodAttributes (25ms)
				AfterProcessingInitializeOnLoad (6ms)
				EditorAssembliesLoaded (0ms)
			ExecutionOrderSort2 (0ms)
			AwakeInstancesAfterBackupRestoration (7ms)
Platform modules already initialized, skipping
========================================================================
Worker process is ready to serve import requests
Launched and connected shader compiler UnityShaderCompiler.exe after 0.06 seconds
Refreshing native plugins compatible for Editor in 0.73 ms, found 3 plugins.
Preloading 0 native plugins for Editor in 0.00 ms.
Unloading 3098 Unused Serialized files (Serialized files now loaded: 0)
Unloading 25 unused Assets / (46.6 KB). Loaded Objects now: 3566.
Memory consumption went from 114.1 MB to 114.0 MB.
Total: 6.867500 ms (FindLiveObjects: 0.490600 ms CreateObjectMapping: 0.346400 ms MarkObjects: 5.883600 ms  DeleteObjects: 0.145000 ms)

AssetImportParameters requested are different than current active one (requested -> active):
  custom:video-decoder-ogg-theora: a1e56fd34408186e4bbccfd4996cb3dc -> 
  custom:container-muxer-webm: aa71ff27fc2769a1b78a27578f13a17b -> 
  custom:container-demuxer-webm: 4f35f7cbe854078d1ac9338744f61a02 -> 
  custom:video-encoder-webm-vp8: eb34c28f22e8b96e1ab97ce403110664 -> 
  custom:CustomObjectIndexerAttribute: bc11b3a6c3213fcdd17b65e7da85e133 -> 
  custom:audio-encoder-webm-vorbis: bf7c407c2cedff20999df2af8eb42d56 -> 
  custom:framework-win-MediaFoundation: 216162199b28c13a410421893ffa2e32 -> 
  custom:SearchIndexIgnoredProperties: e643bd26f0fe6173181afceb89e7c659 -> 
  custom:container-demuxer-ogg: 62fdf1f143b41e24485cea50d1cbac27 -> 
  custom:video-decoder-webm-vp8: 9c59270c3fd7afecdb556c50c9e8de78 -> 
  custom:audio-decoder-ogg-vorbis: bf7c407c2cedff20999df2af8eb42d56 -> 
========================================================================
Received Import Request.
  Time since last request: 1337.284885 seconds.
  path: Assets/HoleBall/Resources
  artifactKey: Guid(7e6d6398de5b94c1a8c271176857eb8f) Importer(815301076,1909f56bfc062723c751e8b465ee728b)
Number of updated assets reloaded before import = 0
Start importing Assets/HoleBall/Resources using Guid(7e6d6398de5b94c1a8c271176857eb8f) Importer(815301076,1909f56bfc062723c751e8b465ee728b)  -> (artifact id: '7561a73ed8da1667d94139f0d5944c11') in 0.009295 seconds 
Number of asset objects unloaded after import = 0
========================================================================
Received Import Request.
  Time since last request: 0.000017 seconds.
  path: Assets/HoleBall/Resources/Road.prefab
  artifactKey: Guid(b70f322269c82479f98840818942098e) Importer(815301076,1909f56bfc062723c751e8b465ee728b)
Number of updated assets reloaded before import = 0
Start importing Assets/HoleBall/Resources/Road.prefab using Guid(b70f322269c82479f98840818942098e) Importer(815301076,1909f56bfc062723c751e8b465ee728b)  -> (artifact id: 'f98719366c586c91ffa77a7aa857cea8') in 0.140421 seconds 
Number of asset objects unloaded after import = 11
========================================================================
Received Import Request.
  Time since last request: 0.000024 seconds.
  path: Assets/HoleBall/Prefabs/Misc
  artifactKey: Guid(208d2ccc1815e478ca54f3a969c66b20) Importer(815301076,1909f56bfc062723c751e8b465ee728b)
Number of updated assets reloaded before import = 0
Start importing Assets/HoleBall/Prefabs/Misc using Guid(208d2ccc1815e478ca54f3a969c66b20) Importer(815301076,1909f56bfc062723c751e8b465ee728b)  -> (artifact id: '19cbc4421fdd8537f0e4ea4ccbbc7f56') in 0.001149 seconds 
Number of asset objects unloaded after import = 0
========================================================================
Received Import Request.
  Time since last request: 0.052138 seconds.
  path: Assets/HoleBall/Prefabs/Misc/Finish.prefab
  artifactKey: Guid(ec7caf9cb19514ec984cf47ac69725e4) Importer(815301076,1909f56bfc062723c751e8b465ee728b)
Number of updated assets reloaded before import = 0
Start importing Assets/HoleBall/Prefabs/Misc/Finish.prefab using Guid(ec7caf9cb19514ec984cf47ac69725e4) Importer(815301076,1909f56bfc062723c751e8b465ee728b)  -> (artifact id: '675cf95f80b438670a0dec2af55dddb6') in 0.008481 seconds 
Number of asset objects unloaded after import = 9
========================================================================
Received Import Request.
  Time since last request: 1.573497 seconds.
  path: Assets/HoleBall/Prefabs/Obstacles/Obstacles_Cube.prefab
  artifactKey: Guid(038241b7a157544f3b33a9ea12eb0735) Importer(815301076,1909f56bfc062723c751e8b465ee728b)
Number of updated assets reloaded before import = 0
Start importing Assets/HoleBall/Prefabs/Obstacles/Obstacles_Cube.prefab using Guid(038241b7a157544f3b33a9ea12eb0735) Importer(815301076,1909f56bfc062723c751e8b465ee728b)  -> (artifact id: 'fcf1f77c1c7b9748e7763291f06d5a3e') in 0.007363 seconds 
Number of asset objects unloaded after import = 5
========================================================================
Received Import Request.
  Time since last request: 0.003139 seconds.
  path: Assets/HoleBall/Prefabs/Obstacles/Obstacles_Cube_Rotatable.prefab
  artifactKey: Guid(fce8be2da878541a7b9ef3c54415e8b9) Importer(815301076,1909f56bfc062723c751e8b465ee728b)
Number of updated assets reloaded before import = 0
Start importing Assets/HoleBall/Prefabs/Obstacles/Obstacles_Cube_Rotatable.prefab using Guid(fce8be2da878541a7b9ef3c54415e8b9) Importer(815301076,1909f56bfc062723c751e8b465ee728b)  -> (artifact id: '085908bccf5f26488a1ac12a3a9ccd35') in 0.006736 seconds 
Number of asset objects unloaded after import = 6
========================================================================
Received Import Request.
  Time since last request: 0.000037 seconds.
  path: Assets/HoleBall/Prefabs/Obstacles/Obstacles_Prism.prefab
  artifactKey: Guid(6a5bb13110969470b95ccd698c43af4a) Importer(815301076,1909f56bfc062723c751e8b465ee728b)
Number of updated assets reloaded before import = 0
Start importing Assets/HoleBall/Prefabs/Obstacles/Obstacles_Prism.prefab using Guid(6a5bb13110969470b95ccd698c43af4a) Importer(815301076,1909f56bfc062723c751e8b465ee728b)  -> (artifact id: 'd5e438c6b54ec653a7825b005ebe781e') in 0.006071 seconds 
Number of asset objects unloaded after import = 5
========================================================================
Received Import Request.
  Time since last request: 0.000032 seconds.
  path: Assets/HoleBall/Prefabs/Obstacles/Obstacles_Cylinder.prefab
  artifactKey: Guid(697f54998db1f4d5e962e8cc996f70ab) Importer(815301076,1909f56bfc062723c751e8b465ee728b)
Number of updated assets reloaded before import = 0
Start importing Assets/HoleBall/Prefabs/Obstacles/Obstacles_Cylinder.prefab using Guid(697f54998db1f4d5e962e8cc996f70ab) Importer(815301076,1909f56bfc062723c751e8b465ee728b)  -> (artifact id: 'ff8985f9e9a67dbba12901c26d37c0b0') in 0.004703 seconds 
Number of asset objects unloaded after import = 5
========================================================================
Received Import Request.
  Time since last request: 0.000022 seconds.
  path: Assets/HoleBall/Prefabs/Obstacles/Obstacles_Prism_Rotatable.prefab
  artifactKey: Guid(65fcb48800d67452a89f22896fd65e4d) Importer(815301076,1909f56bfc062723c751e8b465ee728b)
Number of updated assets reloaded before import = 0
Start importing Assets/HoleBall/Prefabs/Obstacles/Obstacles_Prism_Rotatable.prefab using Guid(65fcb48800d67452a89f22896fd65e4d) Importer(815301076,1909f56bfc062723c751e8b465ee728b)  -> (artifact id: '78bfd9f0ff8452ec906cefbdc476f4c1') in 0.003346 seconds 
Number of asset objects unloaded after import = 6
========================================================================
Received Import Request.
  Time since last request: 0.000020 seconds.
  path: Assets/HoleBall/Prefabs/Obstacles/Obstacles_Matrix_Cube.prefab
  artifactKey: Guid(8f1fdff9a39fb49e087dffa7b78a14c5) Importer(815301076,1909f56bfc062723c751e8b465ee728b)
Number of updated assets reloaded before import = 0
Start importing Assets/HoleBall/Prefabs/Obstacles/Obstacles_Matrix_Cube.prefab using Guid(8f1fdff9a39fb49e087dffa7b78a14c5) Importer(815301076,1909f56bfc062723c751e8b465ee728b)  -> (artifact id: '15a1f3f4b557f6747d4de1398142f004') in 0.003096 seconds 
Number of asset objects unloaded after import = 5
========================================================================
Received Import Request.
  Time since last request: 0.000018 seconds.
  path: Assets/HoleBall/Prefabs/Obstacles/Obstacles_Cylinder_Rotatable.prefab
  artifactKey: Guid(35e7a4db50f684157aec593c863fc52f) Importer(815301076,1909f56bfc062723c751e8b465ee728b)
Number of updated assets reloaded before import = 0
Start importing Assets/HoleBall/Prefabs/Obstacles/Obstacles_Cylinder_Rotatable.prefab using Guid(35e7a4db50f684157aec593c863fc52f) Importer(815301076,1909f56bfc062723c751e8b465ee728b)  -> (artifact id: '20b7ff0bc77e1d2554a4199de8a1439e') in 0.003024 seconds 
Number of asset objects unloaded after import = 6
========================================================================
Received Import Request.
  Time since last request: 0.000035 seconds.
  path: Assets/HoleBall/Prefabs/Obstacles/Obstacles_Cube_Prism.prefab
  artifactKey: Guid(e36acea31d6dd47c089a828f9e7a126f) Importer(815301076,1909f56bfc062723c751e8b465ee728b)
Number of updated assets reloaded before import = 0
Start importing Assets/HoleBall/Prefabs/Obstacles/Obstacles_Cube_Prism.prefab using Guid(e36acea31d6dd47c089a828f9e7a126f) Importer(815301076,1909f56bfc062723c751e8b465ee728b)  -> (artifact id: '73a644a676323014d47d2fab1ad5abeb') in 0.003146 seconds 
Number of asset objects unloaded after import = 10
Editor requested this worker to shutdown with reason: Scaling down because of idle timeout
AssetImportWorker is now disconnected from the server
Process exiting
Exiting without the bug reporter. Application will terminate with return code 0